
**********************************************************
GLM4 starting...
Log started: 18 Apr 2023 9:27:22am

Using GLM version: 4.2.2
Using config file: C:\ProgramData\Genelec\GLMv4.cfg
Get last used setup...
No last used setup file.
Trying to open USB connection.
USB connection could not be opened- will continue trying in the background.
The local microphone correction file doesn't exist, trying to donwload it from Genelec Cloud.
Microphone correction file successfully downloaded.
Importingting a templete setup
File doesn't exists.
Get last used setup...
No last used setup file.
Importingting a templete setup
File doesn't exists.
Get last used setup...
No last used setup file.
Importingting a templete setup
File doesn't exists.
shutdown at: 18 Apr 2023 9:37:34am

**********************************************************
GLM4 starting...
Log started: 18 Apr 2023 9:37:59am

Using GLM version: 4.2.2
Using config file: C:\ProgramData\Genelec\GLMv4.cfg
Get last used setup...
No last used setup file.
Trying to open USB connection.
USB connection could not be opened- will continue trying in the background.
Importingting a templete setup
File doesn't exists.

**********************************************************
GLM4 starting...
Log started: 18 Apr 2023 9:42:27am

Using GLM version: 4.2.2
Using config file: C:\ProgramData\Genelec\GLMv4.cfg
Get last used setup...
No last used setup file.
Trying to open USB connection.
USB connection could not be opened- will continue trying in the background.
Importingting a templete setup
File doesn't exists.
shutdown at: 18 Apr 2023 9:43:40am

**********************************************************
GLM4 starting...
Log started: 18 Apr 2023 9:44:17am

Using GLM version: 4.2.2
Using config file: C:\ProgramData\Genelec\GLMv4.cfg
Get last used setup...
No last used setup file.
Trying to open USB connection.
USB connection could not be opened- will continue trying in the background.
Importingting a templete setup
File doesn't exists.
RenameGroup START 

**********************************************************
GLM4 starting...
Log started: 18 Apr 2023 9:53:20am

Using GLM version: 4.2.2
Using config file: C:\ProgramData\Genelec\GLMv4.cfg
Get last used setup...
No last used setup file.
Trying to open USB connection.
USB connection could not be opened- will continue trying in the background.
Importingting a templete setup
File doesn't exists.
RenameGroup START 
RenameGroup START 
Get last used setup...
No last used setup file.
Importingting a templete setup
File doesn't exists.
Get last used setup...
No last used setup file.
Importingting a templete setup
File doesn't exists.
Get last used setup...
No last used setup file.
Importingting a templete setup
File doesn't exists.
Get last used setup...
No last used setup file.
Importingting a templete setup
File doesn't exists.
Get last used setup...
No last used setup file.
Importingting a templete setup
File doesn't exists.
shutdown at: 18 Apr 2023 10:04:48am

**********************************************************
GLM4 starting...
Log started: 22 Apr 2023 3:23:14pm

Using GLM version: 4.2.2
Using config file: C:\ProgramData\Genelec\GLMv4.cfg
Get last used setup...
No last used setup file.
Trying to open USB connection.
USB connection could not be opened- will continue trying in the background.
Importingting a templete setup
File doesn't exists.
Get last used setup...
No last used setup file.
Importingting a templete setup
File doesn't exists.
shutdown at: 22 Apr 2023 3:26:25pm

**********************************************************
GLM4 starting...
Log started: 22 Apr 2023 3:26:46pm

Using GLM version: 4.2.2
Using config file: C:\ProgramData\Genelec\GLMv4.cfg
Get last used setup...
No last used setup file.
Trying to open USB connection.
USB connection could not be opened- will continue trying in the background.
Importingting a templete setup
File doesn't exists.
shutdown at: 22 Apr 2023 3:27:04pm

**********************************************************
GLM4 starting...
Log started: 22 Apr 2023 3:35:07pm

Using GLM version: 4.2.2
Using config file: C:\ProgramData\Genelec\GLMv4.cfg
Get last used setup...
No last used setup file.
Trying to open USB connection.
USB connection could not be opened- will continue trying in the background.
Importingting a templete setup
File doesn't exists.
Get last used setup...
No last used setup file.
Importingting a templete setup
File doesn't exists.
shutdown at: 22 Apr 2023 3:40:42pm

**********************************************************
GLM4 starting...
Log started: 22 Apr 2023 3:46:53pm

Using GLM version: 4.2.2
Using config file: C:\ProgramData\Genelec\GLMv4.cfg
Get last used setup...
No last used setup file.
Trying to open USB connection.
USB connection could not be opened- will continue trying in the background.
Importingting a templete setup
File doesn't exists.
shutdown at: 22 Apr 2023 4:07:43pm

**********************************************************
GLM4 starting...
Log started: 22 Apr 2023 4:28:08pm

Using GLM version: 4.2.2
Using config file: C:\ProgramData\Genelec\GLMv4.cfg
Get last used setup...
No last used setup file.
Trying to open USB connection.
USB connection could not be opened- will continue trying in the background.
Importingting a templete setup
File doesn't exists.
Get last used setup...
No last used setup file.
Importingting a templete setup
File doesn't exists.
shutdown at: 22 Apr 2023 5:00:53pm

**********************************************************
GLM4 starting...
Log started: 24 Apr 2023 9:29:48am

Using GLM version: 4.2.2
Using config file: C:\ProgramData\Genelec\GLMv4.cfg
Get last used setup...
No last used setup file.
Trying to open USB connection.
USB connection could not be opened- will continue trying in the background.
Importingting a templete setup
File doesn't exists.
shutdown at: 24 Apr 2023 8:29:49pm

**********************************************************
GLM4 starting...
Log started: 26 Apr 2023 3:25:13pm

Using GLM version: 4.2.2
Using config file: C:\ProgramData\Genelec\GLMv4.cfg
Get last used setup...
No last used setup file.
Trying to open USB connection.
USB connection could not be opened- will continue trying in the background.
Importingting a templete setup
File doesn't exists.
shutdown at: 26 Apr 2023 8:33:34pm

**********************************************************
GLM4 starting...
Log started: 27 Apr 2023 10:49:34am

Using GLM version: 4.2.2
Using config file: C:\ProgramData\Genelec\GLMv4.cfg
Get last used setup...
No last used setup file.
Trying to open USB connection.
USB connection could not be opened- will continue trying in the background.
Importingting a templete setup
File doesn't exists.
shutdown at: 27 Apr 2023 5:17:01pm

**********************************************************
GLM4 starting...
Log started: 27 Apr 2023 5:18:04pm

Using GLM version: 4.2.2
Using config file: C:\ProgramData\Genelec\GLMv4.cfg
Get last used setup...
No last used setup file.
Trying to open USB connection.
USB connection could not be opened- will continue trying in the background.
Importingting a templete setup
File doesn't exists.

**********************************************************
GLM4 starting...
Log started: 27 Apr 2023 5:23:32pm

Using GLM version: 4.2.2
Using config file: C:\ProgramData\Genelec\GLMv4.cfg
Get last used setup...
No last used setup file.
Trying to open USB connection.
USB connection could not be opened- will continue trying in the background.
Importingting a templete setup
File doesn't exists.

**********************************************************
GLM4 starting...
Log started: 27 Apr 2023 5:27:06pm

Using GLM version: 4.2.2
Using config file: C:\ProgramData\Genelec\GLMv4.cfg
Get last used setup...
No last used setup file.
Trying to open USB connection.
USB connection could not be opened- will continue trying in the background.
Importingting a templete setup
File doesn't exists.

**********************************************************
GLM4 starting...
Log started: 27 Apr 2023 5:37:30pm

Using GLM version: 4.2.2
Using config file: C:\ProgramData\Genelec\GLMv4.cfg
Get last used setup...
No last used setup file.
Trying to open USB connection.
USB connection could not be opened- will continue trying in the background.
Importingting a templete setup
File doesn't exists.

**********************************************************
GLM4 starting...
Log started: 28 Apr 2023 9:55:22am

Using GLM version: 4.2.2
Using config file: C:\ProgramData\Genelec\GLMv4.cfg
Get last used setup...
No last used setup file.
Trying to open USB connection.
USB connection could not be opened- will continue trying in the background.
Importingting a templete setup
File doesn't exists.

**********************************************************
GLM4 starting...
Log started: 28 Apr 2023 10:00:27am

Using GLM version: 4.2.2
Using config file: C:\ProgramData\Genelec\GLMv4.cfg
Get last used setup...
No last used setup file.
Trying to open USB connection.
USB connection could not be opened- will continue trying in the background.
Importingting a templete setup
File doesn't exists.

**********************************************************
GLM4 starting...
Log started: 28 Apr 2023 10:27:35am

Using GLM version: 4.2.2
Using config file: C:\ProgramData\Genelec\GLMv4.cfg
Get last used setup...
No last used setup file.
Trying to open USB connection.
USB connection could not be opened- will continue trying in the background.
Importingting a templete setup
File doesn't exists.

**********************************************************
GLM4 starting...
Log started: 28 Apr 2023 10:31:13am

Using GLM version: 4.2.2
Using config file: C:\ProgramData\Genelec\GLMv4.cfg
Get last used setup...
No last used setup file.
Trying to open USB connection.
USB connection could not be opened- will continue trying in the background.
Importingting a templete setup
File doesn't exists.

**********************************************************
GLM4 starting...
Log started: 28 Apr 2023 1:33:31pm

Using GLM version: 4.2.2
Using config file: C:\ProgramData\Genelec\GLMv4.cfg
Get last used setup...
No last used setup file.
Trying to open USB connection.
USB connection could not be opened- will continue trying in the background.
Importingting a templete setup
File doesn't exists.

**********************************************************
GLM4 starting...
Log started: 28 Apr 2023 3:53:55pm

Using GLM version: 4.2.2
Using config file: C:\ProgramData\Genelec\GLMv4.cfg
Get last used setup...
No last used setup file.
Trying to open USB connection.
USB connection could not be opened- will continue trying in the background.
Importingting a templete setup
File doesn't exists.
shutdown at: 28 Apr 2023 3:54:15pm

**********************************************************
GLM4 starting...
Log started: 28 Apr 2023 3:55:18pm

Using GLM version: 4.2.2
Using config file: C:\ProgramData\Genelec\GLMv4.cfg
Get last used setup...
No last used setup file.
Trying to open USB connection.
USB connection could not be opened- will continue trying in the background.
Importingting a templete setup
File doesn't exists.
shutdown at: 28 Apr 2023 3:55:31pm

**********************************************************
GLM4 starting...
Log started: 28 Apr 2023 3:56:43pm

Using GLM version: 4.2.2
Using config file: C:\ProgramData\Genelec\GLMv4.cfg
Get last used setup...
No last used setup file.
Trying to open USB connection.
USB connection could not be opened- will continue trying in the background.
Importingting a templete setup
File doesn't exists.
shutdown at: 28 Apr 2023 3:59:07pm

**********************************************************
GLM4 starting...
Log started: 28 Apr 2023 3:59:12pm

Using GLM version: 4.2.2
Using config file: C:\ProgramData\Genelec\GLMv4.cfg
Get last used setup...
No last used setup file.
Trying to open USB connection.
USB connection could not be opened- will continue trying in the background.
Importingting a templete setup
File doesn't exists.
shutdown at: 28 Apr 2023 3:59:25pm

**********************************************************
GLM4 starting...
Log started: 28 Apr 2023 3:59:37pm

Using GLM version: 4.2.2
Using config file: C:\ProgramData\Genelec\GLMv4.cfg
Get last used setup...
No last used setup file.
Trying to open USB connection.
USB connection could not be opened- will continue trying in the background.
Importingting a templete setup
File doesn't exists.
shutdown at: 28 Apr 2023 4:01:08pm

**********************************************************
GLM4 starting...
Log started: 28 Apr 2023 4:02:42pm

Using GLM version: 4.2.2
Using config file: C:\ProgramData\Genelec\GLMv4.cfg
Get last used setup...
No last used setup file.
Trying to open USB connection.
USB connection could not be opened- will continue trying in the background.
Importingting a templete setup
File doesn't exists.
shutdown at: 28 Apr 2023 4:07:46pm

**********************************************************
GLM4 starting...
Log started: 28 Apr 2023 4:07:50pm

Using GLM version: 4.2.2
Using config file: C:\ProgramData\Genelec\GLMv4.cfg
Get last used setup...
No last used setup file.
Trying to open USB connection.
USB connection could not be opened- will continue trying in the background.
Importingting a templete setup
File doesn't exists.

**********************************************************
GLM4 starting...
Log started: 28 Apr 2023 4:09:45pm

Using GLM version: 4.2.2
Using config file: C:\ProgramData\Genelec\GLMv4.cfg
Get last used setup...
No last used setup file.
Trying to open USB connection.
USB connection could not be opened- will continue trying in the background.
Importingting a templete setup
File doesn't exists.

**********************************************************
GLM4 starting...
Log started: 28 Apr 2023 4:19:31pm

Using GLM version: 4.2.2
Using config file: C:\ProgramData\Genelec\GLMv4.cfg
Get last used setup...
No last used setup file.
Trying to open USB connection.
USB connection could not be opened- will continue trying in the background.
Importingting a templete setup
File doesn't exists.
shutdown at: 28 Apr 2023 4:20:32pm

**********************************************************
GLM4 starting...
Log started: 28 Apr 2023 4:20:40pm

Using GLM version: 4.2.2
Using config file: C:\ProgramData\Genelec\GLMv4.cfg
Get last used setup...
No last used setup file.
Trying to open USB connection.
USB connection could not be opened- will continue trying in the background.
Importingting a templete setup
File doesn't exists.

**********************************************************
GLM4 starting...
Log started: 28 Apr 2023 5:09:53pm

Using GLM version: 4.2.2
Using config file: C:\ProgramData\Genelec\GLMv4.cfg
Get last used setup...
No last used setup file.
Trying to open USB connection.
USB connection could not be opened- will continue trying in the background.
Importingting a templete setup
File doesn't exists.

**********************************************************
GLM4 starting...
Log started: 28 Apr 2023 5:15:14pm

Using GLM version: 4.2.2
Using config file: C:\ProgramData\Genelec\GLMv4.cfg
Get last used setup...
No last used setup file.
Trying to open USB connection.
USB connection could not be opened- will continue trying in the background.
Importingting a templete setup
File doesn't exists.

**********************************************************
GLM4 starting...
Log started: 28 Apr 2023 5:28:42pm

Using GLM version: 4.2.2
Using config file: C:\ProgramData\Genelec\GLMv4.cfg
Get last used setup...
No last used setup file.
Trying to open USB connection.
USB connection could not be opened- will continue trying in the background.
Importingting a templete setup
File doesn't exists.

**********************************************************
GLM4 starting...
Log started: 28 Apr 2023 5:29:12pm

Using GLM version: 4.2.2
Using config file: C:\ProgramData\Genelec\GLMv4.cfg
Get last used setup...
No last used setup file.
Trying to open USB connection.
USB connection could not be opened- will continue trying in the background.
Importingting a templete setup
File doesn't exists.

**********************************************************
GLM4 starting...
Log started: 28 Apr 2023 5:30:00pm

Using GLM version: 4.2.2
Using config file: C:\ProgramData\Genelec\GLMv4.cfg
Get last used setup...
No last used setup file.
Trying to open USB connection.
USB connection could not be opened- will continue trying in the background.
Importingting a templete setup
File doesn't exists.

**********************************************************
GLM4 starting...
Log started: 28 Apr 2023 5:30:45pm

Using GLM version: 4.2.2
Using config file: C:\ProgramData\Genelec\GLMv4.cfg
Get last used setup...
No last used setup file.
Trying to open USB connection.
USB connection could not be opened- will continue trying in the background.
Importingting a templete setup
File doesn't exists.

**********************************************************
GLM4 starting...
Log started: 28 Apr 2023 5:31:25pm

Using GLM version: 4.2.2
Using config file: C:\ProgramData\Genelec\GLMv4.cfg
Get last used setup...
No last used setup file.
Trying to open USB connection.
USB connection could not be opened- will continue trying in the background.
Importingting a templete setup
File doesn't exists.

**********************************************************
GLM4 starting...
Log started: 28 Apr 2023 5:38:20pm

Using GLM version: 4.2.2
Using config file: C:\ProgramData\Genelec\GLMv4.cfg
Get last used setup...
No last used setup file.
Trying to open USB connection.
USB connection could not be opened- will continue trying in the background.
Importingting a templete setup
File doesn't exists.

**********************************************************
GLM4 starting...
Log started: 28 Apr 2023 5:39:15pm

Using GLM version: 4.2.2
Using config file: C:\ProgramData\Genelec\GLMv4.cfg
Get last used setup...
No last used setup file.
Trying to open USB connection.
USB connection could not be opened- will continue trying in the background.
Importingting a templete setup
File doesn't exists.

**********************************************************
GLM4 starting...
Log started: 28 Apr 2023 5:39:35pm

Using GLM version: 4.2.2
Using config file: C:\ProgramData\Genelec\GLMv4.cfg
Get last used setup...
No last used setup file.
Trying to open USB connection.
USB connection could not be opened- will continue trying in the background.
Importingting a templete setup
File doesn't exists.

**********************************************************
GLM4 starting...
Log started: 28 Apr 2023 5:40:58pm

Using GLM version: 4.2.2
Using config file: C:\ProgramData\Genelec\GLMv4.cfg
Get last used setup...
No last used setup file.
Trying to open USB connection.
USB connection could not be opened- will continue trying in the background.
Importingting a templete setup
File doesn't exists.

**********************************************************
GLM4 starting...
Log started: 28 Apr 2023 5:41:30pm

Using GLM version: 4.2.2
Using config file: C:\ProgramData\Genelec\GLMv4.cfg
Get last used setup...
No last used setup file.
Trying to open USB connection.
USB connection could not be opened- will continue trying in the background.
Importingting a templete setup
File doesn't exists.

**********************************************************
GLM4 starting...
Log started: 28 Apr 2023 5:43:56pm

Using GLM version: 4.2.2
Using config file: C:\ProgramData\Genelec\GLMv4.cfg
Get last used setup...
No last used setup file.
Trying to open USB connection.
USB connection could not be opened- will continue trying in the background.
Importingting a templete setup
File doesn't exists.

**********************************************************
GLM4 starting...
Log started: 28 Apr 2023 7:13:55pm

Using GLM version: 4.2.2
Using config file: C:\ProgramData\Genelec\GLMv4.cfg
Get last used setup...
No last used setup file.
Trying to open USB connection.
USB connection could not be opened- will continue trying in the background.
Importingting a templete setup
File doesn't exists.

**********************************************************
GLM4 starting...
Log started: 28 Apr 2023 7:17:33pm

Using GLM version: 4.2.2
Using config file: C:\ProgramData\Genelec\GLMv4.cfg
Get last used setup...
No last used setup file.
Trying to open USB connection.
USB connection could not be opened- will continue trying in the background.
Importingting a templete setup
File doesn't exists.

**********************************************************
GLM4 starting...
Log started: 28 Apr 2023 7:27:53pm

Using GLM version: 4.2.2
Using config file: C:\ProgramData\Genelec\GLMv4.cfg
Get last used setup...
No last used setup file.
Trying to open USB connection.
USB connection could not be opened- will continue trying in the background.
Importingting a templete setup
File doesn't exists.
shutdown at: 28 Apr 2023 8:29:13pm

**********************************************************
GLM4 starting...
Log started: 29 Apr 2023 10:42:09am

Using GLM version: 4.2.2
Using config file: C:\ProgramData\Genelec\GLMv4.cfg
Get last used setup...
No last used setup file.
Trying to open USB connection.
USB connection could not be opened- will continue trying in the background.
Importingting a templete setup
File doesn't exists.

**********************************************************
GLM4 starting...
Log started: 29 Apr 2023 10:48:50am

Using GLM version: 4.2.2
Using config file: C:\ProgramData\Genelec\GLMv4.cfg
Get last used setup...
No last used setup file.
Trying to open USB connection.
USB connection could not be opened- will continue trying in the background.
Importingting a templete setup
File doesn't exists.
Command ID: 21 triggered
Resuming UI
shutdown at: 29 Apr 2023 11:07:49am

**********************************************************
GLM4 starting...
Log started: 29 Apr 2023 11:13:18am

Using GLM version: 4.2.2
Using config file: C:\ProgramData\Genelec\GLMv4.cfg
Get last used setup...
No last used setup file.
Trying to open USB connection.
USB connection could not be opened- will continue trying in the background.
Importingting a templete setup
File doesn't exists.

**********************************************************
GLM4 starting...
Log started: 29 Apr 2023 1:41:16pm

Using GLM version: 4.2.2
Using config file: C:\ProgramData\Genelec\GLMv4.cfg
Get last used setup...
No last used setup file.
Trying to open USB connection.
USB connection could not be opened- will continue trying in the background.
Importingting a templete setup
File doesn't exists.

**********************************************************
GLM4 starting...
Log started: 2 May 2023 9:27:16am

Using GLM version: 4.2.2
Using config file: C:\ProgramData\Genelec\GLMv4.cfg
Get last used setup...
No last used setup file.
Trying to open USB connection.
USB connection could not be opened- will continue trying in the background.
Importingting a templete setup
File doesn't exists.

**********************************************************
GLM4 starting...
Log started: 2 May 2023 9:29:30am

Using GLM version: 4.2.2
Using config file: C:\ProgramData\Genelec\GLMv4.cfg
Get last used setup...
No last used setup file.
Trying to open USB connection.
USB connection could not be opened- will continue trying in the background.
Importingting a templete setup
File doesn't exists.
shutdown at: 2 May 2023 9:37:54am

**********************************************************
GLM4 starting...
Log started: 2 May 2023 9:38:09am

Using GLM version: 4.2.2
Using config file: C:\ProgramData\Genelec\GLMv4.cfg
Get last used setup...
No last used setup file.
Trying to open USB connection.
USB connection could not be opened- will continue trying in the background.
Importingting a templete setup
File doesn't exists.

**********************************************************
GLM4 starting...
Log started: 2 May 2023 9:38:20am

Using GLM version: 4.2.2
Using config file: C:\ProgramData\Genelec\GLMv4.cfg
Get last used setup...
No last used setup file.
Trying to open USB connection.
USB connection could not be opened- will continue trying in the background.
Importingting a templete setup
File doesn't exists.
shutdown at: 2 May 2023 9:41:24am

**********************************************************
GLM4 starting...
Log started: 2 May 2023 9:41:27am

Using GLM version: 4.2.2
Using config file: C:\ProgramData\Genelec\GLMv4.cfg
Get last used setup...
No last used setup file.
Trying to open USB connection.
USB connection could not be opened- will continue trying in the background.
Importingting a templete setup
File doesn't exists.

**********************************************************
GLM4 starting...
Log started: 2 May 2023 2:59:22pm

Using GLM version: 4.2.2
Using config file: C:\ProgramData\Genelec\GLMv4.cfg
Get last used setup...
No last used setup file.
Trying to open USB connection.
USB connection could not be opened- will continue trying in the background.
Importingting a templete setup
File doesn't exists.

**********************************************************
GLM4 starting...
Log started: 2 May 2023 3:02:17pm

Using GLM version: 4.2.2
Using config file: C:\ProgramData\Genelec\GLMv4.cfg
Get last used setup...
No last used setup file.
Trying to open USB connection.
USB connection could not be opened- will continue trying in the background.
Importingting a templete setup
File doesn't exists.

**********************************************************
GLM4 starting...
Log started: 2 May 2023 4:00:45pm

Using GLM version: 4.2.2
Using config file: C:\ProgramData\Genelec\GLMv4.cfg
Get last used setup...
No last used setup file.
Trying to open USB connection.
USB connection could not be opened- will continue trying in the background.
Importingting a templete setup
File doesn't exists.

**********************************************************
GLM4 starting...
Log started: 2 May 2023 4:02:16pm

Using GLM version: 4.2.2
Using config file: C:\ProgramData\Genelec\GLMv4.cfg
Get last used setup...
No last used setup file.
Trying to open USB connection.
USB connection could not be opened- will continue trying in the background.
Importingting a templete setup
File doesn't exists.

**********************************************************
GLM4 starting...
Log started: 2 May 2023 4:07:14pm

Using GLM version: 4.2.2
Using config file: C:\ProgramData\Genelec\GLMv4.cfg
Get last used setup...
No last used setup file.
Trying to open USB connection.
USB connection could not be opened- will continue trying in the background.
Importingting a templete setup
File doesn't exists.
shutdown at: 2 May 2023 4:08:15pm

**********************************************************
GLM4 starting...
Log started: 2 May 2023 4:08:16pm

Using GLM version: 4.2.2
Using config file: C:\ProgramData\Genelec\GLMv4.cfg
Get last used setup...
No last used setup file.
Trying to open USB connection.
USB connection could not be opened- will continue trying in the background.
Importingting a templete setup
File doesn't exists.
shutdown at: 2 May 2023 4:08:38pm

**********************************************************
GLM4 starting...
Log started: 2 May 2023 4:09:58pm

Using GLM version: 4.2.2
Using config file: C:\ProgramData\Genelec\GLMv4.cfg
Get last used setup...
No last used setup file.
Trying to open USB connection.
USB connection could not be opened- will continue trying in the background.
Importingting a templete setup
File doesn't exists.
shutdown at: 2 May 2023 4:10:13pm

**********************************************************
GLM4 starting...
Log started: 2 May 2023 4:10:37pm

Using GLM version: 4.2.2
Using config file: C:\ProgramData\Genelec\GLMv4.cfg
Get last used setup...
No last used setup file.
Trying to open USB connection.
USB connection could not be opened- will continue trying in the background.
Importingting a templete setup
File doesn't exists.
shutdown at: 2 May 2023 4:11:26pm

**********************************************************
GLM4 starting...
Log started: 2 May 2023 4:38:20pm

Using GLM version: 4.2.2
Using config file: C:\ProgramData\Genelec\GLMv4.cfg
Get last used setup...
No last used setup file.
Trying to open USB connection.
USB connection could not be opened- will continue trying in the background.
Importingting a templete setup
File doesn't exists.

**********************************************************
GLM4 starting...
Log started: 2 May 2023 4:52:59pm

Using GLM version: 4.2.2
Using config file: C:\ProgramData\Genelec\GLMv4.cfg
Get last used setup...
No last used setup file.
Trying to open USB connection.
USB connection could not be opened- will continue trying in the background.
Importingting a templete setup
File doesn't exists.

**********************************************************
GLM4 starting...
Log started: 2 May 2023 4:55:16pm

Using GLM version: 4.2.2
Using config file: C:\ProgramData\Genelec\GLMv4.cfg
Get last used setup...
No last used setup file.
Trying to open USB connection.
USB connection could not be opened- will continue trying in the background.
Importingting a templete setup
File doesn't exists.

**********************************************************
GLM4 starting...
Log started: 3 May 2023 9:24:19am

Using GLM version: 4.2.2
Using config file: C:\ProgramData\Genelec\GLMv4.cfg
Get last used setup...
No last used setup file.
Trying to open USB connection.
USB connection could not be opened- will continue trying in the background.
Importingting a templete setup
File doesn't exists.

**********************************************************
GLM4 starting...
Log started: 3 May 2023 10:16:58am

Using GLM version: 4.2.2
Using config file: C:\ProgramData\Genelec\GLMv4.cfg
Get last used setup...
No last used setup file.
Trying to open USB connection.
USB connection could not be opened- will continue trying in the background.
Importingting a templete setup
File doesn't exists.

**********************************************************
GLM4 starting...
Log started: 3 May 2023 10:43:10am

Using GLM version: 4.2.2
Using config file: C:\ProgramData\Genelec\GLMv4.cfg
Get last used setup...
No last used setup file.
Trying to open USB connection.
USB connection could not be opened- will continue trying in the background.
Importingting a templete setup
File doesn't exists.

**********************************************************
GLM4 starting...
Log started: 3 May 2023 10:44:15am

Using GLM version: 4.2.2
Using config file: C:\ProgramData\Genelec\GLMv4.cfg
Get last used setup...
No last used setup file.
Trying to open USB connection.
USB connection could not be opened- will continue trying in the background.
Importingting a templete setup
File doesn't exists.

**********************************************************
GLM4 starting...
Log started: 3 May 2023 10:50:47am

Using GLM version: 4.2.2
Using config file: C:\ProgramData\Genelec\GLMv4.cfg
Get last used setup...
No last used setup file.
Trying to open USB connection.
USB connection could not be opened- will continue trying in the background.
Importingting a templete setup
File doesn't exists.

**********************************************************
GLM4 starting...
Log started: 3 May 2023 10:51:44am

Using GLM version: 4.2.2
Using config file: C:\ProgramData\Genelec\GLMv4.cfg
Get last used setup...
No last used setup file.
Trying to open USB connection.
USB connection could not be opened- will continue trying in the background.
Importingting a templete setup
File doesn't exists.

**********************************************************
GLM4 starting...
Log started: 3 May 2023 11:03:20am

Using GLM version: 4.2.2
Using config file: C:\ProgramData\Genelec\GLMv4.cfg
Get last used setup...
No last used setup file.
Trying to open USB connection.
USB connection could not be opened- will continue trying in the background.
Importingting a templete setup
File doesn't exists.

**********************************************************
GLM4 starting...
Log started: 3 May 2023 1:32:31pm

Using GLM version: 4.2.2
Using config file: C:\ProgramData\Genelec\GLMv4.cfg
Get last used setup...
No last used setup file.
Trying to open USB connection.
USB connection could not be opened- will continue trying in the background.
Importingting a templete setup
File doesn't exists.

**********************************************************
GLM4 starting...
Log started: 3 May 2023 2:57:09pm

Using GLM version: 4.2.2
Using config file: C:\ProgramData\Genelec\GLMv4.cfg
Get last used setup...
No last used setup file.
Trying to open USB connection.
USB connection could not be opened- will continue trying in the background.
Importingting a templete setup
File doesn't exists.

**********************************************************
GLM4 starting...
Log started: 3 May 2023 5:05:49pm

Using GLM version: 4.2.2
Using config file: C:\ProgramData\Genelec\GLMv4.cfg
Get last used setup...
No last used setup file.
Trying to open USB connection.
USB connection could not be opened- will continue trying in the background.

**********************************************************
GLM4 starting...
Log started: 3 May 2023 5:06:02pm

Using GLM version: 4.2.2
Using config file: C:\ProgramData\Genelec\GLMv4.cfg
Get last used setup...
No last used setup file.
Trying to open USB connection.
USB connection could not be opened- will continue trying in the background.
Importingting a templete setup
File doesn't exists.

**********************************************************
GLM4 starting...
Log started: 4 May 2023 9:32:03am

Using GLM version: 4.2.2
Using config file: C:\ProgramData\Genelec\GLMv4.cfg
Get last used setup...
No last used setup file.
Trying to open USB connection.
USB connection could not be opened- will continue trying in the background.
Importingting a templete setup
File doesn't exists.

**********************************************************
GLM4 starting...
Log started: 4 May 2023 9:55:15am

Using GLM version: 4.2.2
Using config file: C:\ProgramData\Genelec\GLMv4.cfg
Get last used setup...
No last used setup file.
Trying to open USB connection.
USB connection could not be opened- will continue trying in the background.
Importingting a templete setup
File doesn't exists.

**********************************************************
GLM4 starting...
Log started: 4 May 2023 10:06:59am

Using GLM version: 4.2.2
Using config file: C:\ProgramData\Genelec\GLMv4.cfg
Get last used setup...
No last used setup file.
Trying to open USB connection.
USB connection could not be opened- will continue trying in the background.
Importingting a templete setup
File doesn't exists.

**********************************************************
GLM4 starting...
Log started: 4 May 2023 10:11:02am

Using GLM version: 4.2.2
Using config file: C:\ProgramData\Genelec\GLMv4.cfg
Get last used setup...
No last used setup file.
Trying to open USB connection.
USB connection could not be opened- will continue trying in the background.
Importingting a templete setup
File doesn't exists.

**********************************************************
GLM4 starting...
Log started: 4 May 2023 10:24:16am

Using GLM version: 4.2.2
Using config file: C:\ProgramData\Genelec\GLMv4.cfg
Get last used setup...
No last used setup file.
Trying to open USB connection.
USB connection could not be opened- will continue trying in the background.
Importingting a templete setup
File doesn't exists.

**********************************************************
GLM4 starting...
Log started: 4 May 2023 11:07:44am

Using GLM version: 4.2.2
Using config file: C:\ProgramData\Genelec\GLMv4.cfg
Get last used setup...
No last used setup file.
Trying to open USB connection.
USB connection could not be opened- will continue trying in the background.
Importingting a templete setup
File doesn't exists.

**********************************************************
GLM4 starting...
Log started: 4 May 2023 2:08:52pm

Using GLM version: 4.2.2
Using config file: C:\ProgramData\Genelec\GLMv4.cfg
Get last used setup...
No last used setup file.
Trying to open USB connection.
USB connection could not be opened- will continue trying in the background.
Importingting a templete setup
File doesn't exists.

**********************************************************
GLM4 starting...
Log started: 4 May 2023 3:37:10pm

Using GLM version: 4.2.2
Using config file: C:\ProgramData\Genelec\GLMv4.cfg
Get last used setup...
No last used setup file.
Trying to open USB connection.
USB connection could not be opened- will continue trying in the background.
Importingting a templete setup
File doesn't exists.

**********************************************************
GLM4 starting...
Log started: 4 May 2023 4:19:45pm

Using GLM version: 4.2.2
Using config file: C:\ProgramData\Genelec\GLMv4.cfg
Get last used setup...
No last used setup file.
Trying to open USB connection.
USB connection could not be opened- will continue trying in the background.
Importingting a templete setup
File doesn't exists.

**********************************************************
GLM4 starting...
Log started: 4 May 2023 4:30:27pm

Using GLM version: 4.2.2
Using config file: C:\ProgramData\Genelec\GLMv4.cfg
Get last used setup...
No last used setup file.
Trying to open USB connection.
USB connection could not be opened- will continue trying in the background.
Importingting a templete setup
File doesn't exists.

**********************************************************
GLM4 starting...
Log started: 4 May 2023 5:08:12pm

Using GLM version: 4.2.2
Using config file: C:\ProgramData\Genelec\GLMv4.cfg
Get last used setup...
No last used setup file.
Trying to open USB connection.
USB connection could not be opened- will continue trying in the background.
Importingting a templete setup
File doesn't exists.

**********************************************************
GLM4 starting...
Log started: 5 May 2023 9:35:29am

Using GLM version: 4.2.2
Using config file: C:\ProgramData\Genelec\GLMv4.cfg
Get last used setup...
No last used setup file.
Trying to open USB connection.
USB connection could not be opened- will continue trying in the background.
Importingting a templete setup
File doesn't exists.

**********************************************************
GLM4 starting...
Log started: 5 May 2023 10:44:34am

Using GLM version: 4.2.2
Using config file: C:\ProgramData\Genelec\GLMv4.cfg
Get last used setup...
No last used setup file.
Trying to open USB connection.
USB connection could not be opened- will continue trying in the background.
Importingting a templete setup
File doesn't exists.

**********************************************************
GLM4 starting...
Log started: 5 May 2023 1:37:59pm

Using GLM version: 4.2.2
Using config file: C:\ProgramData\Genelec\GLMv4.cfg
Get last used setup...
No last used setup file.
Trying to open USB connection.
USB connection could not be opened- will continue trying in the background.
Importingting a templete setup
File doesn't exists.

**********************************************************
GLM4 starting...
Log started: 5 May 2023 3:11:49pm

Using GLM version: 4.2.2
Using config file: C:\ProgramData\Genelec\GLMv4.cfg
Get last used setup...
No last used setup file.
Trying to open USB connection.
USB connection could not be opened- will continue trying in the background.
Importingting a templete setup
File doesn't exists.

**********************************************************
GLM4 starting...
Log started: 5 May 2023 4:29:45pm

Using GLM version: 4.2.2
Using config file: C:\ProgramData\Genelec\GLMv4.cfg
Get last used setup...
No last used setup file.
Trying to open USB connection.
USB connection could not be opened- will continue trying in the background.
Importingting a templete setup
File doesn't exists.

**********************************************************
GLM4 starting...
Log started: 5 May 2023 5:45:09pm

Using GLM version: 4.2.2
Using config file: C:\ProgramData\Genelec\GLMv4.cfg
Get last used setup...
No last used setup file.
Trying to open USB connection.
USB connection could not be opened- will continue trying in the background.
Importingting a templete setup
File doesn't exists.

**********************************************************
GLM4 starting...
Log started: 5 May 2023 5:45:53pm

Using GLM version: 4.2.2
Using config file: C:\ProgramData\Genelec\GLMv4.cfg
Get last used setup...
No last used setup file.
Trying to open USB connection.
USB connection could not be opened- will continue trying in the background.
Importingting a templete setup
File doesn't exists.

**********************************************************
GLM4 starting...
Log started: 6 May 2023 10:02:22am

Using GLM version: 4.2.2
Using config file: C:\ProgramData\Genelec\GLMv4.cfg
Get last used setup...
No last used setup file.
Trying to open USB connection.
USB connection could not be opened- will continue trying in the background.
Importingting a templete setup
File doesn't exists.
Get last used setup...
No last used setup file.
Importingting a templete setup
File doesn't exists.
shutdown at: 6 May 2023 6:01:21pm

**********************************************************
GLM4 starting...
Log started: 13 Jun 2023 11:40:08am

Using GLM version: 4.2.2
Using config file: C:\ProgramData\Genelec\GLMv4.cfg
Get last used setup...
No last used setup file.
Trying to open USB connection.
USB connection could not be opened- will continue trying in the background.
Importingting a templete setup
File doesn't exists.

**********************************************************
GLM4 starting...
Log started: 13 Jun 2023 11:44:58am

Using GLM version: 4.2.2
Using config file: C:\ProgramData\Genelec\GLMv4.cfg
Get last used setup...
No last used setup file.
Trying to open USB connection.
USB connection could not be opened- will continue trying in the background.
Importingting a templete setup
File doesn't exists.
Get last used setup...
No last used setup file.
Importingting a templete setup
File doesn't exists.

**********************************************************
GLM4 starting...
Log started: 13 Jun 2023 11:52:22am

Using GLM version: 4.2.2
Using config file: C:\ProgramData\Genelec\GLMv4.cfg
Get last used setup...
No last used setup file.
Trying to open USB connection.
USB connection could not be opened- will continue trying in the background.
Importingting a templete setup
File doesn't exists.
Get last used setup...
No last used setup file.
Importingting a templete setup
File doesn't exists.
Get last used setup...
No last used setup file.
Importingting a templete setup
File doesn't exists.

**********************************************************
GLM4 starting...
Log started: 13 Jun 2023 2:55:09pm

Using GLM version: 4.2.2
Using config file: C:\ProgramData\Genelec\GLMv4.cfg
Get last used setup...
No last used setup file.
Trying to open USB connection.
USB connection could not be opened- will continue trying in the background.
Importingting a templete setup
File doesn't exists.

**********************************************************
GLM4 starting...
Log started: 13 Jun 2023 3:19:18pm

Using GLM version: 4.2.2
Using config file: C:\ProgramData\Genelec\GLMv4.cfg
Get last used setup...
No last used setup file.
Trying to open USB connection.
USB connection could not be opened- will continue trying in the background.
Importingting a templete setup
File doesn't exists.
Get last used setup...
No last used setup file.
Importingting a templete setup
File doesn't exists.

**********************************************************
GLM4 starting...
Log started: 13 Jun 2023 3:39:33pm

Using GLM version: 4.2.2
Using config file: C:\ProgramData\Genelec\GLMv4.cfg
Get last used setup...
No last used setup file.
Trying to open USB connection.
USB connection could not be opened- will continue trying in the background.
Importingting a templete setup
File doesn't exists.
Get last used setup...
No last used setup file.

**********************************************************
GLM4 starting...
Log started: 13 Jun 2023 4:00:57pm

Using GLM version: 4.2.2
Using config file: C:\ProgramData\Genelec\GLMv4.cfg
Get last used setup...
No last used setup file.
Trying to open USB connection.
USB connection could not be opened- will continue trying in the background.
Importingting a templete setup
File doesn't exists.
Get last used setup...
No last used setup file.
Importingting a templete setup
File doesn't exists.

**********************************************************
GLM4 starting...
Log started: 13 Jun 2023 4:13:11pm

Using GLM version: 4.2.2
Using config file: C:\ProgramData\Genelec\GLMv4.cfg
Get last used setup...
No last used setup file.
Trying to open USB connection.
USB connection could not be opened- will continue trying in the background.
Importingting a templete setup
File doesn't exists.
Get last used setup...
No last used setup file.
Importingting a templete setup
File doesn't exists.

**********************************************************
GLM4 starting...
Log started: 13 Jun 2023 4:17:39pm

Using GLM version: 4.2.2
Using config file: C:\ProgramData\Genelec\GLMv4.cfg
Get last used setup...
No last used setup file.
Trying to open USB connection.
USB connection could not be opened- will continue trying in the background.
Importingting a templete setup
File doesn't exists.
Get last used setup...
No last used setup file.
Importingting a templete setup
File doesn't exists.
Get last used setup...
No last used setup file.
Importingting a templete setup
File doesn't exists.
Get last used setup...
No last used setup file.
Importingting a templete setup
File doesn't exists.

**********************************************************
GLM4 starting...
Log started: 16 Jun 2023 9:58:32am

Using GLM version: 4.2.2
Using config file: C:\ProgramData\Genelec\GLMv4.cfg
Get last used setup...
No last used setup file.
Trying to open USB connection.
USB connection could not be opened- will continue trying in the background.
Importingting a templete setup
File doesn't exists.
Get last used setup...
No last used setup file.
Importingting a templete setup
File doesn't exists.
shutdown at: 16 Jun 2023 10:07:08am

**********************************************************
GLM4 starting...
Log started: 16 Jun 2023 10:53:51am

Using GLM version: 4.2.2
Using config file: C:\ProgramData\Genelec\GLMv4.cfg
Get last used setup...
No last used setup file.
Trying to open USB connection.
USB connection could not be opened- will continue trying in the background.
Importingting a templete setup
File doesn't exists.
Get last used setup...
No last used setup file.
Importingting a templete setup
File doesn't exists.
shutdown at: 16 Jun 2023 4:32:41pm

**********************************************************
GLM4 starting...
Log started: 16 Jun 2023 4:52:27pm

Using GLM version: 4.2.2
Using config file: C:\ProgramData\Genelec\GLMv4.cfg
Get last used setup...
No last used setup file.
Trying to open USB connection.
USB connection could not be opened- will continue trying in the background.
Importingting a templete setup
File doesn't exists.

**********************************************************
GLM4 starting...
Log started: 20 Jun 2023 3:26:42pm

Using GLM version: 4.2.2
Using config file: C:\ProgramData\Genelec\GLMv4.cfg
Get last used setup...
No last used setup file.
Trying to open USB connection.
USB connection could not be opened- will continue trying in the background.
Importingting a templete setup
File doesn't exists.
USB connection for Powermate could not be opened
USB connection for Powermate could not be opened
USB connection for Powermate could not be opened

**********************************************************
GLM4 starting...
Log started: 20 Jun 2023 3:29:41pm

Using GLM version: 4.2.2
Using config file: C:\ProgramData\Genelec\GLMv4.cfg
Get last used setup...
No last used setup file.
Trying to open USB connection.
USB connection could not be opened- will continue trying in the background.
Importingting a templete setup
File doesn't exists.
Command ID: 17 triggered
tried to activate invalid group with id: 8
Compressing setup file...
	Could not find setup file (.sam) for zipping! - 
Compressing setup file...
	Could not find setup file (.sam) for zipping! - 

**********************************************************
GLM4 starting...
Log started: 20 Jun 2023 3:55:25pm

Using GLM version: 4.2.2
Using config file: C:\ProgramData\Genelec\GLMv4.cfg
Get last used setup...
No last used setup file.
Trying to open USB connection.
USB connection could not be opened- will continue trying in the background.
Importingting a templete setup
File doesn't exists.

**********************************************************
GLM4 starting...
Log started: 24 Jun 2023 1:23:57pm

Using GLM version: 4.2.2
Using config file: C:\ProgramData\Genelec\GLMv4.cfg
Get last used setup...
No last used setup file.
Trying to open USB connection.
USB connection could not be opened- will continue trying in the background.
Importingting a templete setup
File doesn't exists.

**********************************************************
GLM4 starting...
Log started: 24 Jun 2023 1:45:47pm

Using GLM version: 4.2.2
Using config file: C:\ProgramData\Genelec\GLMv4.cfg
Get last used setup...
No last used setup file.
Trying to open USB connection.
USB connection could not be opened- will continue trying in the background.
Importingting a templete setup
File doesn't exists.
shutdown at: 24 Jun 2023 1:46:03pm

**********************************************************
GLM4 starting...
Log started: 24 Jun 2023 1:46:05pm

Using GLM version: 4.2.2
Using config file: C:\ProgramData\Genelec\GLMv4.cfg
Get last used setup...
No last used setup file.
Trying to open USB connection.
USB connection could not be opened- will continue trying in the background.
Importingting a templete setup
File doesn't exists.
shutdown at: 24 Jun 2023 1:46:21pm

**********************************************************
GLM4 starting...
Log started: 24 Jun 2023 3:36:09pm

Using GLM version: 4.2.2
Using config file: C:\ProgramData\Genelec\GLMv4.cfg
Get last used setup...
No last used setup file.
Trying to open USB connection.
USB connection could not be opened- will continue trying in the background.
Importingting a templete setup
File doesn't exists.
shutdown at: 24 Jun 2023 3:36:26pm

**********************************************************
GLM4 starting...
Log started: 24 Jun 2023 3:36:30pm

Using GLM version: 4.2.2
Using config file: C:\ProgramData\Genelec\GLMv4.cfg
Get last used setup...
No last used setup file.
Trying to open USB connection.
USB connection could not be opened- will continue trying in the background.
Importingting a templete setup
File doesn't exists.
shutdown at: 24 Jun 2023 3:36:40pm

**********************************************************
GLM4 starting...
Log started: 24 Jun 2023 4:41:35pm

Using GLM version: 4.2.2
Using config file: C:\ProgramData\Genelec\GLMv4.cfg
Get last used setup...
No last used setup file.
Trying to open USB connection.
USB connection could not be opened- will continue trying in the background.
Importingting a templete setup
File doesn't exists.

**********************************************************
GLM4 starting...
Log started: 24 Jun 2023 4:51:14pm

shutdown at: 24 Jun 2023 4:51:53pm

**********************************************************
GLM4 starting...
Log started: 25 Jun 2023 10:13:34am


**********************************************************
GLM4 starting...
Log started: 25 Jun 2023 10:25:00am

Using GLM version: 4.2.2
Using config file: C:\ProgramData\Genelec\GLMv4.cfg
Get last used setup...
No last used setup file.
Trying to open USB connection.
USB connection could not be opened- will continue trying in the background.

**********************************************************
GLM4 starting...
Log started: 25 Jun 2023 10:28:36am


**********************************************************
GLM4 starting...
Log started: 25 Jun 2023 11:47:57am


**********************************************************
GLM4 starting...
Log started: 25 Jun 2023 11:53:57am

Using GLM version: 4.2.2
